<?xml version="1.0" encoding="UTF-8"?>
<testng-results ignored="0" total="3" passed="3" failed="0" skipped="0">
  <reporter-output>
  </reporter-output>
  <suite started-at="2024-06-18T14:09:09 IST" name="Suite" finished-at="2024-06-18T14:09:09 IST" duration-ms="96">
    <groups>
    </groups>
    <test started-at="2024-06-18T14:09:09 IST" name="Test" finished-at="2024-06-18T14:09:09 IST" duration-ms="96">
      <class name="TestNG_001.TestNG_class">
        <test-method is-config="true" signature="a()[pri:0, instance:TestNG_001.TestNG_class@74ea2410]" started-at="2024-06-18T14:09:09 IST" name="a" finished-at="2024-06-18T14:09:09 IST" duration-ms="12" status="PASS">
          <reporter-output>
          </reporter-output>
        </test-method> <!-- a -->
        <test-method is-config="true" signature="b()[pri:0, instance:TestNG_001.TestNG_class@74ea2410]" started-at="2024-06-18T14:09:09 IST" name="b" finished-at="2024-06-18T14:09:09 IST" duration-ms="2" status="PASS">
          <reporter-output>
          </reporter-output>
        </test-method> <!-- b -->
        <test-method is-config="true" signature="c()[pri:0, instance:TestNG_001.TestNG_class@74ea2410]" started-at="2024-06-18T14:09:09 IST" name="c" finished-at="2024-06-18T14:09:09 IST" duration-ms="1" status="PASS">
          <reporter-output>
          </reporter-output>
        </test-method> <!-- c -->
        <test-method is-config="true" signature="d()[pri:0, instance:TestNG_001.TestNG_class@74ea2410]" started-at="2024-06-18T14:09:09 IST" name="d" finished-at="2024-06-18T14:09:09 IST" duration-ms="0" status="PASS">
          <reporter-output>
          </reporter-output>
        </test-method> <!-- d -->
        <test-method signature="e()[pri:0, instance:TestNG_001.TestNG_class@74ea2410]" started-at="2024-06-18T14:09:09 IST" name="e" finished-at="2024-06-18T14:09:09 IST" duration-ms="18" status="PASS">
          <reporter-output>
          </reporter-output>
        </test-method> <!-- e -->
        <test-method is-config="true" signature="h()[pri:0, instance:TestNG_001.TestNG_class@74ea2410]" started-at="2024-06-18T14:09:09 IST" name="h" finished-at="2024-06-18T14:09:09 IST" duration-ms="1" status="PASS">
          <reporter-output>
          </reporter-output>
        </test-method> <!-- h -->
        <test-method is-config="true" signature="d()[pri:0, instance:TestNG_001.TestNG_class@74ea2410]" started-at="2024-06-18T14:09:09 IST" name="d" finished-at="2024-06-18T14:09:09 IST" duration-ms="1" status="PASS">
          <reporter-output>
          </reporter-output>
        </test-method> <!-- d -->
        <test-method signature="f()[pri:0, instance:TestNG_001.TestNG_class@74ea2410]" started-at="2024-06-18T14:09:09 IST" name="f" finished-at="2024-06-18T14:09:09 IST" duration-ms="2" status="PASS">
          <reporter-output>
          </reporter-output>
        </test-method> <!-- f -->
        <test-method is-config="true" signature="h()[pri:0, instance:TestNG_001.TestNG_class@74ea2410]" started-at="2024-06-18T14:09:09 IST" name="h" finished-at="2024-06-18T14:09:09 IST" duration-ms="1" status="PASS">
          <reporter-output>
          </reporter-output>
        </test-method> <!-- h -->
        <test-method signature="g()[pri:0, instance:TestNG_001.TestNG_class@74ea2410]" started-at="2024-06-18T14:09:09 IST" name="g" finished-at="2024-06-18T14:09:09 IST" duration-ms="4" status="PASS">
          <reporter-output>
          </reporter-output>
        </test-method> <!-- g -->
        <test-method is-config="true" signature="d()[pri:0, instance:TestNG_001.TestNG_class@74ea2410]" started-at="2024-06-18T14:09:09 IST" name="d" finished-at="2024-06-18T14:09:09 IST" duration-ms="0" status="PASS">
          <reporter-output>
          </reporter-output>
        </test-method> <!-- d -->
        <test-method is-config="true" signature="h()[pri:0, instance:TestNG_001.TestNG_class@74ea2410]" started-at="2024-06-18T14:09:09 IST" name="h" finished-at="2024-06-18T14:09:09 IST" duration-ms="1" status="PASS">
          <reporter-output>
          </reporter-output>
        </test-method> <!-- h -->
        <test-method is-config="true" signature="i()[pri:0, instance:TestNG_001.TestNG_class@74ea2410]" started-at="2024-06-18T14:09:09 IST" name="i" finished-at="2024-06-18T14:09:09 IST" duration-ms="1" status="PASS">
          <reporter-output>
          </reporter-output>
        </test-method> <!-- i -->
        <test-method is-config="true" signature="j()[pri:0, instance:TestNG_001.TestNG_class@74ea2410]" started-at="2024-06-18T14:09:09 IST" name="j" finished-at="2024-06-18T14:09:09 IST" duration-ms="0" status="PASS">
          <reporter-output>
          </reporter-output>
        </test-method> <!-- j -->
        <test-method is-config="true" signature="k()[pri:0, instance:TestNG_001.TestNG_class@74ea2410]" started-at="2024-06-18T14:09:09 IST" name="k" finished-at="2024-06-18T14:09:09 IST" duration-ms="0" status="PASS">
          <reporter-output>
          </reporter-output>
        </test-method> <!-- k -->
      </class> <!-- TestNG_001.TestNG_class -->
    </test> <!-- Test -->
  </suite> <!-- Suite -->
</testng-results>
