<?xml version="1.0" encoding="UTF-8"?>
<!-- Generated by org.testng.reporters.JUnitXMLReporter -->
<testsuite ignored="0" hostname="DESKTOP-2FCRG2R" failures="0" tests="3" name="Default test" time="0.067" errors="0" timestamp="2024-06-18T13:54:47 IST">
  <testcase classname="TestNG_001.TestNG_class" name="e" time="0.008"/>
  <testcase classname="TestNG_001.TestNG_class" name="f" time="0.003"/>
  <testcase classname="TestNG_001.TestNG_class" name="g" time="0.001"/>
</testsuite> <!-- Default test -->
