<?xml version="1.0" encoding="UTF-8"?>
<!-- Generated by org.testng.reporters.JUnitXMLReporter -->
<testsuite ignored="3" hostname="DESKTOP-2FCRG2R" failures="0" tests="4" name="group_Test" time="0.083" errors="0" timestamp="2024-06-19T14:27:41 IST">
  <testcase classname="TestNG_001.Groups_parameter" name="cosmeticessue" time="0.013"/>
  <testcase classname="TestNG_001.Groups_parameter" name="hiturl" time="0.004"/>
  <testcase classname="TestNG_001.Groups_parameter" name="launchbrowser" time="0.002"/>
  <testcase classname="TestNG_001.Groups_parameter" name="webelemet" time="0.001"/>
  <testcase classname="TestNG_001.Groups_parameter" name="sendkeys" time="0.0">
    <ignored/>
  </testcase> <!-- sendkeys -->
  <testcase classname="TestNG_001.Groups_parameter" name="clickonsearchbtn" time="0.0">
    <ignored/>
  </testcase> <!-- clickonsearchbtn -->
  <testcase classname="TestNG_001.Groups_parameter" name="clickonsearchbox" time="0.0">
    <ignored/>
  </testcase> <!-- clickonsearchbox -->
</testsuite> <!-- group_Test -->
