<?xml version="1.0" encoding="UTF-8"?>
<testng-results ignored="0" total="1" passed="1" failed="0" skipped="0">
  <reporter-output>
  </reporter-output>
  <suite started-at="2024-07-08T19:24:21 IST" name="Default suite" finished-at="2024-07-08T19:24:52 IST" duration-ms="30936">
    <groups>
    </groups>
    <test started-at="2024-07-08T19:24:21 IST" name="Default test" finished-at="2024-07-08T19:24:52 IST" duration-ms="30936">
      <class name="base_package.TestNG_class">
        <test-method signature="f()[pri:0, instance:base_package.TestNG_class@243c4f91]" started-at="2024-07-08T19:24:21 IST" name="f" finished-at="2024-07-08T19:24:52 IST" duration-ms="30885" status="PASS">
          <reporter-output>
          </reporter-output>
        </test-method> <!-- f -->
      </class> <!-- base_package.TestNG_class -->
    </test> <!-- Default test -->
  </suite> <!-- Default suite -->
</testng-results>
